2016-11-02 15:03:25.025+0000 INFO  [o.n.k.i.f.CommunityFacadeFactory] No locking implementation specified, defaulting to 'community'
2016-11-02 15:03:25.625+0000 INFO  [o.n.k.AvailabilityGuard] Requirement makes database unavailable: Database available
2016-11-02 15:03:25.816+0000 INFO  [o.n.k.i.DiagnosticsManager] --- INITIALIZED diagnostics START ---
2016-11-02 15:03:25.816+0000 INFO  [o.n.k.i.DiagnosticsManager] Neo4j Kernel properties:
2016-11-02 15:03:25.817+0000 INFO  [o.n.k.i.DiagnosticsManager] dbms.connector.http.enabled=true
2016-11-02 15:03:25.818+0000 INFO  [o.n.k.i.DiagnosticsManager] dbms.security.auth_enabled=false
2016-11-02 15:03:25.818+0000 INFO  [o.n.k.i.DiagnosticsManager] dbms.connector.bolt.type=BOLT
2016-11-02 15:03:25.818+0000 INFO  [o.n.k.i.DiagnosticsManager] unsupported.dbms.directories.neo4j_home=C:\Users\AndreaMaybell\Documents\AMPE\deberes\Algoritmos y Estructuras de Datos\BaseHoja10
2016-11-02 15:03:25.819+0000 INFO  [o.n.k.i.DiagnosticsManager] dbms.directories.import=import
2016-11-02 15:03:25.819+0000 INFO  [o.n.k.i.DiagnosticsManager] dbms.connector.bolt.tls_level=OPTIONAL
2016-11-02 15:03:25.820+0000 INFO  [o.n.k.i.DiagnosticsManager] dbms.shell.enabled=true
2016-11-02 15:03:25.821+0000 INFO  [o.n.k.i.DiagnosticsManager] dbms.connector.http.type=HTTP
2016-11-02 15:03:25.821+0000 INFO  [o.n.k.i.DiagnosticsManager] unsupported.dbms.directories.database=C:\Users\AndreaMaybell\Documents\AMPE\deberes\Algoritmos y Estructuras de Datos\BaseHoja10
2016-11-02 15:03:25.822+0000 INFO  [o.n.k.i.DiagnosticsManager] dbms.logs.http.enabled=false
2016-11-02 15:03:25.822+0000 INFO  [o.n.k.i.DiagnosticsManager] unsupported.dbms.security.auth_store.location=data\dbms\auth
2016-11-02 15:03:25.823+0000 INFO  [o.n.k.i.DiagnosticsManager] unsupported.dbms.edition=community
2016-11-02 15:03:25.823+0000 INFO  [o.n.k.i.DiagnosticsManager] dbms.connector.bolt.enabled=true
2016-11-02 15:03:25.824+0000 INFO  [o.n.k.i.DiagnosticsManager] Diagnostics providers:
2016-11-02 15:03:25.824+0000 INFO  [o.n.k.i.DiagnosticsManager] org.neo4j.kernel.configuration.Config
2016-11-02 15:03:25.824+0000 INFO  [o.n.k.i.DiagnosticsManager] org.neo4j.kernel.info.DiagnosticsManager
2016-11-02 15:03:25.825+0000 INFO  [o.n.k.i.DiagnosticsManager] SYSTEM_MEMORY
2016-11-02 15:03:25.825+0000 INFO  [o.n.k.i.DiagnosticsManager] JAVA_MEMORY
2016-11-02 15:03:25.825+0000 INFO  [o.n.k.i.DiagnosticsManager] OPERATING_SYSTEM
2016-11-02 15:03:25.825+0000 INFO  [o.n.k.i.DiagnosticsManager] JAVA_VIRTUAL_MACHINE
2016-11-02 15:03:25.825+0000 INFO  [o.n.k.i.DiagnosticsManager] CLASSPATH
2016-11-02 15:03:25.837+0000 INFO  [o.n.k.i.DiagnosticsManager] LIBRARY_PATH
2016-11-02 15:03:25.837+0000 INFO  [o.n.k.i.DiagnosticsManager] SYSTEM_PROPERTIES
2016-11-02 15:03:25.837+0000 INFO  [o.n.k.i.DiagnosticsManager] NETWORK
2016-11-02 15:03:25.838+0000 INFO  [o.n.k.i.DiagnosticsManager] System memory information:
2016-11-02 15:03:25.863+0000 INFO  [o.n.k.i.DiagnosticsManager] Total Physical memory: 3.70 GB
2016-11-02 15:03:25.864+0000 INFO  [o.n.k.i.DiagnosticsManager] Free Physical memory: 1.46 GB
2016-11-02 15:03:25.874+0000 INFO  [o.n.k.i.DiagnosticsManager] Committed virtual memory: 188.51 MB
2016-11-02 15:03:25.875+0000 INFO  [o.n.k.i.DiagnosticsManager] Total swap space: 11.45 GB
2016-11-02 15:03:25.876+0000 INFO  [o.n.k.i.DiagnosticsManager] Free swap space: 7.96 GB
2016-11-02 15:03:25.876+0000 INFO  [o.n.k.i.DiagnosticsManager] JVM memory information:
2016-11-02 15:03:25.877+0000 INFO  [o.n.k.i.DiagnosticsManager] Free  memory: 31.42 MB
2016-11-02 15:03:25.877+0000 INFO  [o.n.k.i.DiagnosticsManager] Total memory: 57.50 MB
2016-11-02 15:03:25.878+0000 INFO  [o.n.k.i.DiagnosticsManager] Max   memory: 843.00 MB
2016-11-02 15:03:25.937+0000 INFO  [o.n.k.i.DiagnosticsManager] Garbage Collector: PS Scavenge: [PS Eden Space, PS Survivor Space]
2016-11-02 15:03:25.938+0000 INFO  [o.n.k.i.DiagnosticsManager] Garbage Collector: PS MarkSweep: [PS Eden Space, PS Survivor Space, PS Old Gen]
2016-11-02 15:03:25.943+0000 INFO  [o.n.k.i.DiagnosticsManager] Memory Pool: Code Cache (Non-heap memory): committed=8.00 MB, used=7.92 MB, max=240.00 MB, threshold=0.00 B
2016-11-02 15:03:25.945+0000 INFO  [o.n.k.i.DiagnosticsManager] Memory Pool: Metaspace (Non-heap memory): committed=20.75 MB, used=19.95 MB, max=-1.00 B, threshold=0.00 B
2016-11-02 15:03:25.946+0000 INFO  [o.n.k.i.DiagnosticsManager] Memory Pool: Compressed Class Space (Non-heap memory): committed=3.00 MB, used=2.73 MB, max=1.00 GB, threshold=0.00 B
2016-11-02 15:03:25.948+0000 INFO  [o.n.k.i.DiagnosticsManager] Memory Pool: PS Eden Space (Heap memory): committed=15.00 MB, used=10.90 MB, max=311.00 MB, threshold=?
2016-11-02 15:03:25.949+0000 INFO  [o.n.k.i.DiagnosticsManager] Memory Pool: PS Survivor Space (Heap memory): committed=2.50 MB, used=2.48 MB, max=2.50 MB, threshold=?
2016-11-02 15:03:25.951+0000 INFO  [o.n.k.i.DiagnosticsManager] Memory Pool: PS Old Gen (Heap memory): committed=40.00 MB, used=12.89 MB, max=632.00 MB, threshold=0.00 B
2016-11-02 15:03:25.951+0000 INFO  [o.n.k.i.DiagnosticsManager] Operating system information:
2016-11-02 15:03:25.954+0000 INFO  [o.n.k.i.DiagnosticsManager] Operating System: Windows 8.1; version: 6.3; arch: amd64; cpus: 2
2016-11-02 15:03:25.981+0000 INFO  [o.n.k.i.DiagnosticsManager] Process id: 4460@AMbell
2016-11-02 15:03:25.982+0000 INFO  [o.n.k.i.DiagnosticsManager] Byte order: LITTLE_ENDIAN
2016-11-02 15:03:25.982+0000 INFO  [o.n.k.i.DiagnosticsManager] Local timezone: America/Regina
2016-11-02 15:03:25.983+0000 INFO  [o.n.k.i.DiagnosticsManager] JVM information:
2016-11-02 15:03:25.983+0000 INFO  [o.n.k.i.DiagnosticsManager] VM Name: Java HotSpot(TM) 64-Bit Server VM
2016-11-02 15:03:25.983+0000 INFO  [o.n.k.i.DiagnosticsManager] VM Vendor: Oracle Corporation
2016-11-02 15:03:25.983+0000 INFO  [o.n.k.i.DiagnosticsManager] VM Version: 25.45-b02
2016-11-02 15:03:25.985+0000 INFO  [o.n.k.i.DiagnosticsManager] JIT compiler: HotSpot 64-Bit Tiered Compilers
2016-11-02 15:03:25.987+0000 INFO  [o.n.k.i.DiagnosticsManager] VM Arguments: [-Dexe4j.semaphoreName=Local\c:_program_files_neo4j_ce_3.0.6_bin_neo4j-ce.exe, -Dexe4j.isInstall4j=true, -Dexe4j.moduleName=C:\Program Files\Neo4j CE 3.0.6\bin\neo4j-ce.exe, -Dexe4j.tempDir=, -Dexe4j.unextractedPosition=0, -Djava.library.path=C:\ProgramData\Oracle\Java\javapath;C:\Program Files\MongoDB\Server\3.0\bin;C:\Program Files\Java\jdk1.8.0_45\bin;C:\WINDOWS\system32;C:\WINDOWS;C:\WINDOWS\System32\Wbem;C:\WINDOWS\System32\WindowsPowerShell\v1.0\;C:\Program Files (x86)\ATI Technologies\ATI.ACE\Core-Static;c:\windows\system32;C:\Python27;C:\Python27\Lib;C:\Python27\Scripts;C:\Program Files (x86)\SimpleIDE\propeller-gcc\bin;C:\Users\AndreaMaybell\AppData\Local\Microsoft\WindowsApps;;c:\program files\java\jre1.8.0_45\bin, -Dexe4j.consoleCodepage=cp0, -Dinstall4j.launcherId=24, -Dinstall4j.swt=false]
2016-11-02 15:03:25.987+0000 INFO  [o.n.k.i.DiagnosticsManager] Java classpath:
2016-11-02 15:03:26.022+0000 INFO  [o.n.k.i.DiagnosticsManager]  [bootstrap] C:\Program Files\Java\jre1.8.0_45\lib\jce.jar
2016-11-02 15:03:26.022+0000 INFO  [o.n.k.i.DiagnosticsManager]  [loader.1] file:/C:/Program%20Files/Java/jre1.8.0_45/lib/ext/sunjce_provider.jar
2016-11-02 15:03:26.022+0000 INFO  [o.n.k.i.DiagnosticsManager]  [bootstrap] C:\Program Files\Java\jre1.8.0_45\lib\rt.jar
2016-11-02 15:03:26.023+0000 INFO  [o.n.k.i.DiagnosticsManager]  [bootstrap] C:\Program Files\Java\jre1.8.0_45\lib\resources.jar
2016-11-02 15:03:26.023+0000 INFO  [o.n.k.i.DiagnosticsManager]  [loader.1] file:/C:/Program%20Files/Java/jre1.8.0_45/lib/ext/sunmscapi.jar
2016-11-02 15:03:26.035+0000 INFO  [o.n.k.i.DiagnosticsManager]  [bootstrap] C:\Program Files\Java\jre1.8.0_45\lib\jfr.jar
2016-11-02 15:03:26.035+0000 INFO  [o.n.k.i.DiagnosticsManager]  [loader.0] file:/C:/Program%20Files/Neo4j%20CE%203.0.6/.install4j/i4jruntime.jar
2016-11-02 15:03:26.035+0000 INFO  [o.n.k.i.DiagnosticsManager]  [loader.1] file:/C:/Program%20Files/Java/jre1.8.0_45/lib/ext/zipfs.jar
2016-11-02 15:03:26.035+0000 INFO  [o.n.k.i.DiagnosticsManager]  [loader.1] file:/C:/Program%20Files/Java/jre1.8.0_45/lib/ext/cldrdata.jar
2016-11-02 15:03:26.035+0000 INFO  [o.n.k.i.DiagnosticsManager]  [loader.0] file:/C:/Program%20Files/Neo4j%20CE%203.0.6/bin/
2016-11-02 15:03:26.035+0000 INFO  [o.n.k.i.DiagnosticsManager]  [bootstrap] C:\Program Files\Java\jre1.8.0_45\lib\charsets.jar
2016-11-02 15:03:26.036+0000 INFO  [o.n.k.i.DiagnosticsManager]  [loader.0] file:/C:/Program%20Files/Neo4j%20CE%203.0.6/bin/neo4j-desktop-3.0.6.jar
2016-11-02 15:03:26.036+0000 INFO  [o.n.k.i.DiagnosticsManager]  [loader.1] file:/C:/Program%20Files/Java/jre1.8.0_45/lib/ext/sunec.jar
2016-11-02 15:03:26.036+0000 INFO  [o.n.k.i.DiagnosticsManager]  [loader.1] file:/C:/Program%20Files/Java/jre1.8.0_45/lib/ext/sunpkcs11.jar
2016-11-02 15:03:26.036+0000 INFO  [o.n.k.i.DiagnosticsManager]  [loader.1] file:/C:/Program%20Files/Java/jre1.8.0_45/lib/ext/localedata.jar
2016-11-02 15:03:26.038+0000 INFO  [o.n.k.i.DiagnosticsManager]  [classpath] C:\Program Files\Neo4j CE 3.0.6\bin\neo4j-desktop-3.0.6.jar
2016-11-02 15:03:26.038+0000 INFO  [o.n.k.i.DiagnosticsManager]  [loader.1] file:/C:/Program%20Files/Java/jre1.8.0_45/lib/ext/jaccess.jar
2016-11-02 15:03:26.038+0000 INFO  [o.n.k.i.DiagnosticsManager]  [loader.1] file:/C:/Program%20Files/Java/jre1.8.0_45/lib/ext/access-bridge-64.jar
2016-11-02 15:03:26.038+0000 INFO  [o.n.k.i.DiagnosticsManager]  [bootstrap] C:\Program Files\Java\jre1.8.0_45\lib\jsse.jar
2016-11-02 15:03:26.038+0000 INFO  [o.n.k.i.DiagnosticsManager]  [classpath] C:\Program Files\Neo4j CE 3.0.6\.install4j\i4jruntime.jar
2016-11-02 15:03:26.038+0000 INFO  [o.n.k.i.DiagnosticsManager]  [bootstrap] C:\Program Files\Java\jre1.8.0_45\classes
2016-11-02 15:03:26.038+0000 INFO  [o.n.k.i.DiagnosticsManager]  [loader.1] file:/C:/Program%20Files/Java/jre1.8.0_45/lib/ext/nashorn.jar
2016-11-02 15:03:26.038+0000 INFO  [o.n.k.i.DiagnosticsManager]  [loader.1] file:/C:/Program%20Files/Java/jre1.8.0_45/lib/ext/jfxrt.jar
2016-11-02 15:03:26.038+0000 INFO  [o.n.k.i.DiagnosticsManager]  [loader.1] file:/C:/Program%20Files/Java/jre1.8.0_45/lib/ext/dnsns.jar
2016-11-02 15:03:26.039+0000 INFO  [o.n.k.i.DiagnosticsManager]  [bootstrap] C:\Program Files\Java\jre1.8.0_45\lib\sunrsasign.jar
2016-11-02 15:03:26.039+0000 INFO  [o.n.k.i.DiagnosticsManager] Library path:
2016-11-02 15:03:26.041+0000 INFO  [o.n.k.i.DiagnosticsManager] C:\ProgramData\Oracle\Java\javapath
2016-11-02 15:03:26.043+0000 INFO  [o.n.k.i.DiagnosticsManager] C:\Program Files\MongoDB\Server\3.0\bin
2016-11-02 15:03:26.044+0000 INFO  [o.n.k.i.DiagnosticsManager] C:\Program Files\Java\jdk1.8.0_45\bin
2016-11-02 15:03:26.046+0000 INFO  [o.n.k.i.DiagnosticsManager] C:\Windows\System32
2016-11-02 15:03:26.046+0000 INFO  [o.n.k.i.DiagnosticsManager] C:\Windows
2016-11-02 15:03:26.048+0000 INFO  [o.n.k.i.DiagnosticsManager] C:\Windows\System32\wbem
2016-11-02 15:03:26.049+0000 INFO  [o.n.k.i.DiagnosticsManager] C:\Windows\System32\WindowsPowerShell\v1.0
2016-11-02 15:03:26.050+0000 INFO  [o.n.k.i.DiagnosticsManager] C:\Program Files (x86)\ATI Technologies\ATI.ACE\Core-Static
2016-11-02 15:03:26.051+0000 INFO  [o.n.k.i.DiagnosticsManager] C:\Windows\System32
2016-11-02 15:03:26.052+0000 INFO  [o.n.k.i.DiagnosticsManager] C:\Python27
2016-11-02 15:03:26.053+0000 INFO  [o.n.k.i.DiagnosticsManager] C:\Python27\Lib
2016-11-02 15:03:26.054+0000 INFO  [o.n.k.i.DiagnosticsManager] C:\Python27\Scripts
2016-11-02 15:03:26.056+0000 INFO  [o.n.k.i.DiagnosticsManager] C:\Program Files (x86)\SimpleIDE\propeller-gcc\bin
2016-11-02 15:03:26.059+0000 INFO  [o.n.k.i.DiagnosticsManager] C:\Users\AndreaMaybell\AppData\Local\Microsoft\WindowsApps
2016-11-02 15:03:26.060+0000 INFO  [o.n.k.i.DiagnosticsManager] C:\Program Files\Neo4j CE 3.0.6\bin
2016-11-02 15:03:26.061+0000 INFO  [o.n.k.i.DiagnosticsManager] C:\Program Files\Java\jre1.8.0_45\bin
2016-11-02 15:03:26.062+0000 INFO  [o.n.k.i.DiagnosticsManager] System.properties:
2016-11-02 15:03:26.062+0000 INFO  [o.n.k.i.DiagnosticsManager] exe4j.moduleName = C:\Program Files\Neo4j CE 3.0.6\bin\neo4j-ce.exe
2016-11-02 15:03:26.062+0000 INFO  [o.n.k.i.DiagnosticsManager] exe4j.semaphoreName = Local\c:_program_files_neo4j_ce_3.0.6_bin_neo4j-ce.exe
2016-11-02 15:03:26.062+0000 INFO  [o.n.k.i.DiagnosticsManager] sun.boot.library.path = c:\program files\java\jre1.8.0_45\bin
2016-11-02 15:03:26.062+0000 INFO  [o.n.k.i.DiagnosticsManager] exe4j.consoleCodepage = cp0
2016-11-02 15:03:26.062+0000 INFO  [o.n.k.i.DiagnosticsManager] path.separator = ;
2016-11-02 15:03:26.063+0000 INFO  [o.n.k.i.DiagnosticsManager] file.encoding.pkg = sun.io
2016-11-02 15:03:26.063+0000 INFO  [o.n.k.i.DiagnosticsManager] user.country = GT
2016-11-02 15:03:26.063+0000 INFO  [o.n.k.i.DiagnosticsManager] user.script = 
2016-11-02 15:03:26.063+0000 INFO  [o.n.k.i.DiagnosticsManager] sun.os.patch.level = 
2016-11-02 15:03:26.063+0000 INFO  [o.n.k.i.DiagnosticsManager] install4j.exeDir = C:\Program Files\Neo4j CE 3.0.6\bin\
2016-11-02 15:03:26.063+0000 INFO  [o.n.k.i.DiagnosticsManager] user.dir = C:\Program Files\Neo4j CE 3.0.6\bin
2016-11-02 15:03:26.063+0000 INFO  [o.n.k.i.DiagnosticsManager] user.variant = 
2016-11-02 15:03:26.063+0000 INFO  [o.n.k.i.DiagnosticsManager] exe4j.tempDir = 
2016-11-02 15:03:26.063+0000 INFO  [o.n.k.i.DiagnosticsManager] sun.jnu.encoding = Cp1252
2016-11-02 15:03:26.063+0000 INFO  [o.n.k.i.DiagnosticsManager] unsupported.dbms.udc.source = desktop
2016-11-02 15:03:26.064+0000 INFO  [o.n.k.i.DiagnosticsManager] sun.awt.enableExtraMouseButtons = true
2016-11-02 15:03:26.064+0000 INFO  [o.n.k.i.DiagnosticsManager] install4j.launcherId = 24
2016-11-02 15:03:26.064+0000 INFO  [o.n.k.i.DiagnosticsManager] sun.management.compiler = HotSpot 64-Bit Tiered Compilers
2016-11-02 15:03:26.064+0000 INFO  [o.n.k.i.DiagnosticsManager] exe4j.isInstall4j = true
2016-11-02 15:03:26.064+0000 INFO  [o.n.k.i.DiagnosticsManager] install4j.swt = false
2016-11-02 15:03:26.064+0000 INFO  [o.n.k.i.DiagnosticsManager] user.home = C:\Users\AndreaMaybell
2016-11-02 15:03:26.064+0000 INFO  [o.n.k.i.DiagnosticsManager] user.timezone = America/Regina
2016-11-02 15:03:26.064+0000 INFO  [o.n.k.i.DiagnosticsManager] file.encoding = Cp1252
2016-11-02 15:03:26.064+0000 INFO  [o.n.k.i.DiagnosticsManager] user.name = AndreaMaybell
2016-11-02 15:03:26.065+0000 INFO  [o.n.k.i.DiagnosticsManager] sun.java.command = C:\Program Files\Neo4j CE 3.0.6\bin\neo4j-ce.exe
2016-11-02 15:03:26.065+0000 INFO  [o.n.k.i.DiagnosticsManager] sun.arch.data.model = 64
2016-11-02 15:03:26.065+0000 INFO  [o.n.k.i.DiagnosticsManager] exe4j.launchName = C:\Program Files\Neo4j CE 3.0.6\bin\neo4j-ce.exe
2016-11-02 15:03:26.065+0000 INFO  [o.n.k.i.DiagnosticsManager] user.language = es
2016-11-02 15:03:26.066+0000 INFO  [o.n.k.i.DiagnosticsManager] awt.toolkit = sun.awt.windows.WToolkit
2016-11-02 15:03:26.066+0000 INFO  [o.n.k.i.DiagnosticsManager] exe4j.unextractedPosition = 0
2016-11-02 15:03:26.066+0000 INFO  [o.n.k.i.DiagnosticsManager] install4j.appDir = C:\Program Files\Neo4j CE 3.0.6\
2016-11-02 15:03:26.066+0000 INFO  [o.n.k.i.DiagnosticsManager] file.separator = \
2016-11-02 15:03:26.066+0000 INFO  [o.n.k.i.DiagnosticsManager] sun.io.unicode.encoding = UnicodeLittle
2016-11-02 15:03:26.066+0000 INFO  [o.n.k.i.DiagnosticsManager] sun.cpu.endian = little
2016-11-02 15:03:26.066+0000 INFO  [o.n.k.i.DiagnosticsManager] sun.desktop = windows
2016-11-02 15:03:26.066+0000 INFO  [o.n.k.i.DiagnosticsManager] sun.cpu.isalist = amd64
2016-11-02 15:03:26.066+0000 INFO  [o.n.k.i.DiagnosticsManager] Network information:
2016-11-02 15:03:26.561+0000 INFO  [o.n.k.i.DiagnosticsManager] Interface Software Loopback Interface 1:
2016-11-02 15:03:26.563+0000 INFO  [o.n.k.i.DiagnosticsManager]     address: 127.0.0.1
2016-11-02 15:03:26.563+0000 INFO  [o.n.k.i.DiagnosticsManager]     address: 0:0:0:0:0:0:0:1
2016-11-02 15:03:26.563+0000 INFO  [o.n.k.i.DiagnosticsManager] Interface Microsoft Teredo Tunneling Adapter:
2016-11-02 15:03:26.564+0000 INFO  [o.n.k.i.DiagnosticsManager]     address: 2001:0:5ef5:79fb:44b:290c:53eb:fc53
2016-11-02 15:03:26.564+0000 INFO  [o.n.k.i.DiagnosticsManager]     address: fe80:0:0:0:44b:290c:53eb:fc53%net0
2016-11-02 15:03:26.564+0000 INFO  [o.n.k.i.DiagnosticsManager] Interface Controladora Realtek PCIe FE Family:
2016-11-02 15:03:26.564+0000 INFO  [o.n.k.i.DiagnosticsManager]     address: fe80:0:0:0:116e:84e7:5532:ce00%eth0
2016-11-02 15:03:26.565+0000 INFO  [o.n.k.i.DiagnosticsManager] Interface Microsoft ISATAP Adapter:
2016-11-02 15:03:26.566+0000 INFO  [o.n.k.i.DiagnosticsManager] Interface WAN Miniport (L2TP):
2016-11-02 15:03:26.566+0000 INFO  [o.n.k.i.DiagnosticsManager] Interface WAN Miniport (SSTP):
2016-11-02 15:03:26.566+0000 INFO  [o.n.k.i.DiagnosticsManager] Interface Microsoft ISATAP Adapter #3:
2016-11-02 15:03:26.567+0000 INFO  [o.n.k.i.DiagnosticsManager] Interface WAN Miniport (PPTP):
2016-11-02 15:03:26.567+0000 INFO  [o.n.k.i.DiagnosticsManager] Interface TAP-Windows Adapter V9 #2:
2016-11-02 15:03:26.567+0000 INFO  [o.n.k.i.DiagnosticsManager]     address: fe80:0:0:0:ad5f:b430:3a7b:3ee%eth1
2016-11-02 15:03:26.567+0000 INFO  [o.n.k.i.DiagnosticsManager] Interface Adaptador virtual directo Wi-Fi de Microsoft:
2016-11-02 15:03:26.568+0000 INFO  [o.n.k.i.DiagnosticsManager]     address: fe80:0:0:0:8d14:833:e9e1:d3f4%wlan0
2016-11-02 15:03:26.568+0000 INFO  [o.n.k.i.DiagnosticsManager] Interface WAN Miniport (IKEv2):
2016-11-02 15:03:26.568+0000 INFO  [o.n.k.i.DiagnosticsManager] Interface WAN Miniport (IP):
2016-11-02 15:03:26.568+0000 INFO  [o.n.k.i.DiagnosticsManager] Interface Adaptador de red de depuración de kernel de Microsoft:
2016-11-02 15:03:26.569+0000 INFO  [o.n.k.i.DiagnosticsManager] Interface WAN Miniport (PPPOE):
2016-11-02 15:03:26.569+0000 INFO  [o.n.k.i.DiagnosticsManager] Interface WAN Miniport (Network Monitor):
2016-11-02 15:03:26.569+0000 INFO  [o.n.k.i.DiagnosticsManager] Interface Microsoft ISATAP Adapter #5:
2016-11-02 15:03:26.570+0000 INFO  [o.n.k.i.DiagnosticsManager] Interface TAP-Windows Adapter V9:
2016-11-02 15:03:26.570+0000 INFO  [o.n.k.i.DiagnosticsManager]     address: fe80:0:0:0:6514:59dd:ff9e:feff%eth5
2016-11-02 15:03:26.570+0000 INFO  [o.n.k.i.DiagnosticsManager] Interface Microsoft ISATAP Adapter #2:
2016-11-02 15:03:26.570+0000 INFO  [o.n.k.i.DiagnosticsManager]     address: fe80:0:0:0:0:5efe:ac14:3ac%net8
2016-11-02 15:03:26.572+0000 INFO  [o.n.k.i.DiagnosticsManager] Interface WAN Miniport (IPv6):
2016-11-02 15:03:26.572+0000 INFO  [o.n.k.i.DiagnosticsManager] Interface Adaptador de red inalámbrica Qualcomm Atheros AR5B125:
2016-11-02 15:03:26.574+0000 INFO  [o.n.k.i.DiagnosticsManager]     address: 172.20.3.172
2016-11-02 15:03:26.574+0000 INFO  [o.n.k.i.DiagnosticsManager]     address: fe80:0:0:0:1d52:2ab6:a4f9:f8d6%wlan1
2016-11-02 15:03:26.575+0000 INFO  [o.n.k.i.DiagnosticsManager] Interface TAP-Windows Adapter V9 #2-WFP Native MAC Layer LightWeight Filter-0000:
2016-11-02 15:03:26.575+0000 INFO  [o.n.k.i.DiagnosticsManager] Interface TAP-Windows Adapter V9 #2-QoS Packet Scheduler-0000:
2016-11-02 15:03:26.575+0000 INFO  [o.n.k.i.DiagnosticsManager] Interface TAP-Windows Adapter V9 #2-WFP 802.3 MAC Layer LightWeight Filter-0000:
2016-11-02 15:03:26.575+0000 INFO  [o.n.k.i.DiagnosticsManager] Interface TAP-Windows Adapter V9-WFP Native MAC Layer LightWeight Filter-0000:
2016-11-02 15:03:26.576+0000 INFO  [o.n.k.i.DiagnosticsManager] Interface TAP-Windows Adapter V9-QoS Packet Scheduler-0000:
2016-11-02 15:03:26.576+0000 INFO  [o.n.k.i.DiagnosticsManager] Interface TAP-Windows Adapter V9-WFP 802.3 MAC Layer LightWeight Filter-0000:
2016-11-02 15:03:26.577+0000 INFO  [o.n.k.i.DiagnosticsManager] Interface Controladora Realtek PCIe FE Family-WFP Native MAC Layer LightWeight Filter-0000:
2016-11-02 15:03:26.577+0000 INFO  [o.n.k.i.DiagnosticsManager] Interface Controladora Realtek PCIe FE Family-QoS Packet Scheduler-0000:
2016-11-02 15:03:26.578+0000 INFO  [o.n.k.i.DiagnosticsManager] Interface Controladora Realtek PCIe FE Family-WFP 802.3 MAC Layer LightWeight Filter-0000:
2016-11-02 15:03:26.580+0000 INFO  [o.n.k.i.DiagnosticsManager] Interface Adaptador de red inalámbrica Qualcomm Atheros AR5B125-WFP Native MAC Layer LightWeight Filter-0000:
2016-11-02 15:03:26.582+0000 INFO  [o.n.k.i.DiagnosticsManager] Interface Adaptador de red inalámbrica Qualcomm Atheros AR5B125-Virtual WiFi Filter Driver-0000:
2016-11-02 15:03:26.583+0000 INFO  [o.n.k.i.DiagnosticsManager] Interface Adaptador de red inalámbrica Qualcomm Atheros AR5B125-Native WiFi Filter Driver-0000:
2016-11-02 15:03:26.583+0000 INFO  [o.n.k.i.DiagnosticsManager] Interface Adaptador de red inalámbrica Qualcomm Atheros AR5B125-QoS Packet Scheduler-0000:
2016-11-02 15:03:26.583+0000 INFO  [o.n.k.i.DiagnosticsManager] Interface Adaptador de red inalámbrica Qualcomm Atheros AR5B125-WFP 802.3 MAC Layer LightWeight Filter-0000:
2016-11-02 15:03:26.584+0000 INFO  [o.n.k.i.DiagnosticsManager] Interface Adaptador virtual directo Wi-Fi de Microsoft-WFP Native MAC Layer LightWeight Filter-0000:
2016-11-02 15:03:26.584+0000 INFO  [o.n.k.i.DiagnosticsManager] Interface Adaptador virtual directo Wi-Fi de Microsoft-Native WiFi Filter Driver-0000:
2016-11-02 15:03:26.584+0000 INFO  [o.n.k.i.DiagnosticsManager] Interface Adaptador virtual directo Wi-Fi de Microsoft-QoS Packet Scheduler-0000:
2016-11-02 15:03:26.584+0000 INFO  [o.n.k.i.DiagnosticsManager] Interface Adaptador virtual directo Wi-Fi de Microsoft-WFP 802.3 MAC Layer LightWeight Filter-0000:
2016-11-02 15:03:26.586+0000 INFO  [o.n.k.i.DiagnosticsManager] Interface WAN Miniport (IP)-WFP Native MAC Layer LightWeight Filter-0000:
2016-11-02 15:03:26.588+0000 INFO  [o.n.k.i.DiagnosticsManager] Interface WAN Miniport (IP)-QoS Packet Scheduler-0000:
2016-11-02 15:03:26.588+0000 INFO  [o.n.k.i.DiagnosticsManager] Interface WAN Miniport (IPv6)-WFP Native MAC Layer LightWeight Filter-0000:
2016-11-02 15:03:26.588+0000 INFO  [o.n.k.i.DiagnosticsManager] Interface WAN Miniport (IPv6)-QoS Packet Scheduler-0000:
2016-11-02 15:03:26.594+0000 INFO  [o.n.k.i.DiagnosticsManager] Interface WAN Miniport (Network Monitor)-WFP Native MAC Layer LightWeight Filter-0000:
2016-11-02 15:03:26.595+0000 INFO  [o.n.k.i.DiagnosticsManager] Interface WAN Miniport (Network Monitor)-QoS Packet Scheduler-0000:
2016-11-02 15:03:26.595+0000 INFO  [o.n.k.i.DiagnosticsManager] --- INITIALIZED diagnostics END ---
2016-11-02 15:03:27.622+0000 INFO  [o.n.b.v.r.Sessions] No SSL certificate found, generating a self-signed certificate..
2016-11-02 15:03:33.720+0000 INFO  [o.n.b.v.r.Sessions] Bolt Server extension loaded.
2016-11-02 15:03:33.762+0000 INFO  [o.n.b.v.r.Sessions] Bolt enabled on localhost:7687.
2016-11-02 15:03:34.661+0000 INFO  [o.n.k.i.s.f.RecordFormatSelector] Selected format 'RecordFormat:StandardV3_0[v0.A.7]' for the new store
2016-11-02 15:03:38.285+0000 INFO  [o.n.k.a.i.l.LuceneLabelScanStore] No lucene scan store index found, this might just be first use. Preparing to rebuild.
2016-11-02 15:03:39.657+0000 INFO  [o.n.k.NeoStoreDataSource] Opened logical log [C:\Users\AndreaMaybell\Documents\AMPE\deberes\Algoritmos y Estructuras de Datos\BaseHoja10\neostore.transaction.db.0] version=0, lastTxId=1 (clean)
2016-11-02 15:03:39.733+0000 WARN  [o.n.k.i.s.MetaDataStore] Missing counts store, rebuilding it.
2016-11-02 15:03:40.137+0000 INFO  [o.n.k.a.i.l.LuceneLabelScanStore] Rebuilding lucene scan store, this may take a while
2016-11-02 15:03:40.217+0000 INFO  [o.n.k.a.i.l.LuceneLabelScanStore] Lucene scan store rebuilt (roughly 0 nodes)
2016-11-02 15:03:40.256+0000 INFO  [o.n.k.i.DatabaseHealth] Database health set to OK
2016-11-02 15:03:46.572+0000 INFO  [o.n.k.AvailabilityGuard] Fulfilling of requirement makes database available: Database available
2016-11-02 15:03:46.611+0000 INFO  [o.n.k.i.f.CommunityFacadeFactory] Database is now ready
2016-11-02 15:03:46.675+0000 INFO  [o.n.k.i.DiagnosticsManager] --- STARTED diagnostics for KernelDiagnostics:Versions START ---
2016-11-02 15:03:46.734+0000 INFO  [o.n.k.i.DiagnosticsManager] Graph Database: community single StoreId{creationTime=1478099017334, randomId=-7854211378167575624, storeVersion=15531981201765894, upgradeTime=1478099017334, upgradeId=1}
2016-11-02 15:03:46.768+0000 INFO  [o.n.k.i.DiagnosticsManager] Kernel version: 3.0.6
2016-11-02 15:03:46.813+0000 INFO  [o.n.k.i.DiagnosticsManager] --- STARTED diagnostics for KernelDiagnostics:Versions END ---
2016-11-02 15:03:46.902+0000 INFO  [o.n.k.i.DiagnosticsManager] --- STARTED diagnostics for NEO_STORE_VERSIONS START ---
2016-11-02 15:03:46.919+0000 INFO  [o.n.k.i.DiagnosticsManager] Store versions:
2016-11-02 15:03:46.937+0000 INFO  [o.n.k.i.DiagnosticsManager] Store versions:
2016-11-02 15:03:46.955+0000 INFO  [o.n.k.i.DiagnosticsManager]   ArrayPropertyStore v0.A.7
2016-11-02 15:03:46.973+0000 INFO  [o.n.k.i.DiagnosticsManager]   NodeStore v0.A.7
2016-11-02 15:03:46.989+0000 INFO  [o.n.k.i.DiagnosticsManager]   StringPropertyStore v0.A.7
2016-11-02 15:03:47.006+0000 INFO  [o.n.k.i.DiagnosticsManager]   PropertyIndexStore v0.A.7
2016-11-02 15:03:47.022+0000 INFO  [o.n.k.i.DiagnosticsManager]   StringPropertyStore v0.A.7
2016-11-02 15:03:47.057+0000 INFO  [o.n.k.i.DiagnosticsManager]   ArrayPropertyStore v0.A.7
2016-11-02 15:03:47.073+0000 INFO  [o.n.k.i.DiagnosticsManager]   PropertyStore v0.A.7
2016-11-02 15:03:47.091+0000 INFO  [o.n.k.i.DiagnosticsManager]   RelationshipStore v0.A.7
2016-11-02 15:03:47.109+0000 INFO  [o.n.k.i.DiagnosticsManager]   StringPropertyStore v0.A.7
2016-11-02 15:03:47.128+0000 INFO  [o.n.k.i.DiagnosticsManager]   RelationshipTypeStore v0.A.7
2016-11-02 15:03:47.158+0000 INFO  [o.n.k.i.DiagnosticsManager]   StringPropertyStore v0.A.7
2016-11-02 15:03:47.197+0000 INFO  [o.n.k.i.DiagnosticsManager]   LabelTokenStore v0.A.7
2016-11-02 15:03:47.234+0000 INFO  [o.n.k.i.DiagnosticsManager]   SchemaStore v0.A.7
2016-11-02 15:03:47.267+0000 INFO  [o.n.k.i.DiagnosticsManager]   RelationshipGroupStore v0.A.7
2016-11-02 15:03:47.290+0000 INFO  [o.n.k.i.DiagnosticsManager]   NeoStore v0.A.7
2016-11-02 15:03:47.314+0000 INFO  [o.n.k.i.DiagnosticsManager] --- STARTED diagnostics for NEO_STORE_VERSIONS END ---
2016-11-02 15:03:47.339+0000 INFO  [o.n.k.i.DiagnosticsManager] --- STARTED diagnostics for NEO_STORE_ID_USAGE START ---
2016-11-02 15:03:47.362+0000 INFO  [o.n.k.i.DiagnosticsManager] Id usage:
2016-11-02 15:03:47.382+0000 INFO  [o.n.k.i.DiagnosticsManager] Id usage:
2016-11-02 15:03:47.400+0000 INFO  [o.n.k.i.DiagnosticsManager]   ArrayPropertyStore: used=1 high=0
2016-11-02 15:03:47.418+0000 INFO  [o.n.k.i.DiagnosticsManager]   NodeStore: used=0 high=-1
2016-11-02 15:03:47.437+0000 INFO  [o.n.k.i.DiagnosticsManager]   StringPropertyStore: used=1 high=0
2016-11-02 15:03:47.455+0000 INFO  [o.n.k.i.DiagnosticsManager]   PropertyIndexStore: used=0 high=-1
2016-11-02 15:03:47.471+0000 INFO  [o.n.k.i.DiagnosticsManager]   StringPropertyStore: used=1 high=0
2016-11-02 15:03:47.488+0000 INFO  [o.n.k.i.DiagnosticsManager]   ArrayPropertyStore: used=1 high=0
2016-11-02 15:03:47.506+0000 INFO  [o.n.k.i.DiagnosticsManager]   PropertyStore: used=0 high=-1
2016-11-02 15:03:47.522+0000 INFO  [o.n.k.i.DiagnosticsManager]   RelationshipStore: used=0 high=-1
2016-11-02 15:03:47.542+0000 INFO  [o.n.k.i.DiagnosticsManager]   StringPropertyStore: used=1 high=0
2016-11-02 15:03:47.558+0000 INFO  [o.n.k.i.DiagnosticsManager]   RelationshipTypeStore: used=0 high=-1
2016-11-02 15:03:47.574+0000 INFO  [o.n.k.i.DiagnosticsManager]   StringPropertyStore: used=1 high=0
2016-11-02 15:03:47.595+0000 INFO  [o.n.k.i.DiagnosticsManager]   LabelTokenStore: used=0 high=-1
2016-11-02 15:03:47.615+0000 INFO  [o.n.k.i.DiagnosticsManager]   SchemaStore: used=1 high=0
2016-11-02 15:03:47.635+0000 INFO  [o.n.k.i.DiagnosticsManager]   RelationshipGroupStore: used=1 high=0
2016-11-02 15:03:47.659+0000 INFO  [o.n.k.i.DiagnosticsManager]   NeoStore: used=15 high=14
2016-11-02 15:03:47.679+0000 INFO  [o.n.k.i.DiagnosticsManager] --- STARTED diagnostics for NEO_STORE_ID_USAGE END ---
2016-11-02 15:03:47.703+0000 INFO  [o.n.k.i.DiagnosticsManager] --- STARTED diagnostics for NEO_STORE_RECORDS START ---
2016-11-02 15:03:47.724+0000 INFO  [o.n.k.i.DiagnosticsManager] Neostore records:
2016-11-02 15:03:47.771+0000 INFO  [o.n.k.i.DiagnosticsManager] TIME (Creation time): 1478099017334
2016-11-02 15:03:47.792+0000 INFO  [o.n.k.i.DiagnosticsManager] RANDOM_NUMBER (Random number for store id): -7854211378167575624
2016-11-02 15:03:47.849+0000 INFO  [o.n.k.i.DiagnosticsManager] LOG_VERSION (Current log version): 0
2016-11-02 15:03:47.880+0000 INFO  [o.n.k.i.DiagnosticsManager] LAST_TRANSACTION_ID (Last committed transaction): 1
2016-11-02 15:03:47.966+0000 INFO  [o.n.k.i.DiagnosticsManager] STORE_VERSION (Store format version): 15531981201765894
2016-11-02 15:03:47.999+0000 INFO  [o.n.k.i.DiagnosticsManager] FIRST_GRAPH_PROPERTY (First property record containing graph properties): -1
2016-11-02 15:03:48.028+0000 INFO  [o.n.k.i.DiagnosticsManager] LAST_CONSTRAINT_TRANSACTION (Last committed transaction containing constraint changes): 0
2016-11-02 15:03:48.057+0000 INFO  [o.n.k.i.DiagnosticsManager] UPGRADE_TRANSACTION_ID (Transaction id most recent upgrade was performed at): 1
2016-11-02 15:03:48.131+0000 INFO  [o.n.k.i.DiagnosticsManager] UPGRADE_TIME (Time of last upgrade): 1478099017334
2016-11-02 15:03:48.161+0000 INFO  [o.n.k.i.DiagnosticsManager] LAST_TRANSACTION_CHECKSUM (Checksum of last committed transaction): 0
2016-11-02 15:03:48.182+0000 INFO  [o.n.k.i.DiagnosticsManager] UPGRADE_TRANSACTION_CHECKSUM (Checksum of transaction id the most recent upgrade was performed at): 0
2016-11-02 15:03:48.263+0000 INFO  [o.n.k.i.DiagnosticsManager] LAST_CLOSED_TRANSACTION_LOG_VERSION (Log version where the last transaction commit entry has been written into): 0
2016-11-02 15:03:48.298+0000 INFO  [o.n.k.i.DiagnosticsManager] LAST_CLOSED_TRANSACTION_LOG_BYTE_OFFSET (Byte offset in the log file where the last transaction commit entry has been written into): 16
2016-11-02 15:03:48.321+0000 INFO  [o.n.k.i.DiagnosticsManager] LAST_TRANSACTION_COMMIT_TIMESTAMP (Commit time timestamp for last committed transaction): 0
2016-11-02 15:03:48.347+0000 INFO  [o.n.k.i.DiagnosticsManager] UPGRADE_TRANSACTION_COMMIT_TIMESTAMP (Commit timestamp of transaction the most recent upgrade was performed at): 0
2016-11-02 15:03:48.414+0000 INFO  [o.n.k.i.DiagnosticsManager] --- STARTED diagnostics for NEO_STORE_RECORDS END ---
2016-11-02 15:03:48.441+0000 INFO  [o.n.k.i.DiagnosticsManager] --- STARTED diagnostics for TRANSACTION_RANGE START ---
2016-11-02 15:03:48.464+0000 INFO  [o.n.k.i.DiagnosticsManager] Transaction log:
2016-11-02 15:03:48.512+0000 INFO  [o.n.k.i.DiagnosticsManager] No transactions found in any log
2016-11-02 15:03:48.561+0000 INFO  [o.n.k.i.DiagnosticsManager] --- STARTED diagnostics for TRANSACTION_RANGE END ---
2016-11-02 15:03:48.595+0000 INFO  [o.n.k.i.DiagnosticsManager] --- STARTED diagnostics for KernelDiagnostics:StoreFiles START ---
2016-11-02 15:03:48.637+0000 INFO  [o.n.k.i.DiagnosticsManager] Disk space on partition (Total / Free / Free %): 483144007680 / 393691820032 / 81
Storage files: (filename : modification date - size)
2016-11-02 15:03:48.665+0000 INFO  [o.n.k.i.DiagnosticsManager]   certificates:
2016-11-02 15:03:48.701+0000 INFO  [o.n.k.i.DiagnosticsManager]     neo4j.cert: 2016-11-02T09:03:31-0600 - 1002.00 B
2016-11-02 15:03:48.796+0000 INFO  [o.n.k.i.DiagnosticsManager]     neo4j.key: 2016-11-02T09:03:31-0600 - 1.69 kB
2016-11-02 15:03:48.818+0000 INFO  [o.n.k.i.DiagnosticsManager]   - Total: 2016-11-02T09:03:31-0600 - 2.67 kB
2016-11-02 15:03:48.836+0000 INFO  [o.n.k.i.DiagnosticsManager]   index:
2016-11-02 15:03:48.854+0000 INFO  [o.n.k.i.DiagnosticsManager]   - Total: 2016-11-02T09:03:38-0600 - 0.00 B
2016-11-02 15:03:48.870+0000 INFO  [o.n.k.i.DiagnosticsManager]   logs:
2016-11-02 15:03:48.890+0000 INFO  [o.n.k.i.DiagnosticsManager]     debug.log: 2016-11-02T09:03:47-0600 - 31.66 kB
2016-11-02 15:03:48.907+0000 INFO  [o.n.k.i.DiagnosticsManager]   - Total: 2016-11-02T09:03:24-0600 - 31.66 kB
2016-11-02 15:03:48.925+0000 INFO  [o.n.k.i.DiagnosticsManager]   neostore: 2016-11-02T09:03:37-0600 - 8.00 kB
2016-11-02 15:03:48.942+0000 INFO  [o.n.k.i.DiagnosticsManager]   neostore.counts.db.a: 2016-11-02T09:03:40-0600 - 96.00 B
2016-11-02 15:03:48.959+0000 INFO  [o.n.k.i.DiagnosticsManager]   neostore.id: 2016-11-02T09:03:37-0600 - 9.00 B
2016-11-02 15:03:48.985+0000 INFO  [o.n.k.i.DiagnosticsManager]   neostore.labeltokenstore.db: 2016-11-02T09:03:36-0600 - 0.00 B
2016-11-02 15:03:49.005+0000 INFO  [o.n.k.i.DiagnosticsManager]   neostore.labeltokenstore.db.id: 2016-11-02T09:03:36-0600 - 9.00 B
2016-11-02 15:03:49.022+0000 INFO  [o.n.k.i.DiagnosticsManager]   neostore.labeltokenstore.db.names: 2016-11-02T09:03:36-0600 - 8.00 kB
2016-11-02 15:03:49.047+0000 INFO  [o.n.k.i.DiagnosticsManager]   neostore.labeltokenstore.db.names.id: 2016-11-02T09:03:36-0600 - 9.00 B
2016-11-02 15:03:49.071+0000 INFO  [o.n.k.i.DiagnosticsManager]   neostore.nodestore.db: 2016-11-02T09:03:35-0600 - 0.00 B
2016-11-02 15:03:49.120+0000 INFO  [o.n.k.i.DiagnosticsManager]   neostore.nodestore.db.id: 2016-11-02T09:03:35-0600 - 9.00 B
2016-11-02 15:03:49.164+0000 INFO  [o.n.k.i.DiagnosticsManager]   neostore.nodestore.db.labels: 2016-11-02T09:03:35-0600 - 8.00 kB
2016-11-02 15:03:49.298+0000 INFO  [o.n.k.i.DiagnosticsManager]   neostore.nodestore.db.labels.id: 2016-11-02T09:03:35-0600 - 9.00 B
2016-11-02 15:03:49.364+0000 INFO  [o.n.k.i.DiagnosticsManager]   neostore.propertystore.db: 2016-11-02T09:03:36-0600 - 0.00 B
2016-11-02 15:03:49.432+0000 INFO  [o.n.k.i.DiagnosticsManager]   neostore.propertystore.db.arrays: 2016-11-02T09:03:35-0600 - 8.00 kB
2016-11-02 15:03:49.514+0000 INFO  [o.n.k.i.DiagnosticsManager]   neostore.propertystore.db.arrays.id: 2016-11-02T09:03:35-0600 - 9.00 B
2016-11-02 15:03:49.545+0000 INFO  [o.n.k.i.DiagnosticsManager]   neostore.propertystore.db.id: 2016-11-02T09:03:36-0600 - 9.00 B
2016-11-02 15:03:49.599+0000 INFO  [o.n.k.i.DiagnosticsManager]   neostore.propertystore.db.index: 2016-11-02T09:03:35-0600 - 0.00 B
2016-11-02 15:03:49.649+0000 INFO  [o.n.k.i.DiagnosticsManager]   neostore.propertystore.db.index.id: 2016-11-02T09:03:35-0600 - 9.00 B
2016-11-02 15:03:49.680+0000 INFO  [o.n.k.i.DiagnosticsManager]   neostore.propertystore.db.index.keys: 2016-11-02T09:03:35-0600 - 8.00 kB
2016-11-02 15:03:49.714+0000 INFO  [o.n.k.i.DiagnosticsManager]   neostore.propertystore.db.index.keys.id: 2016-11-02T09:03:35-0600 - 9.00 B
2016-11-02 15:03:49.735+0000 INFO  [o.n.k.i.DiagnosticsManager]   neostore.propertystore.db.strings: 2016-11-02T09:03:35-0600 - 8.00 kB
2016-11-02 15:03:49.764+0000 INFO  [o.n.k.i.DiagnosticsManager]   neostore.propertystore.db.strings.id: 2016-11-02T09:03:35-0600 - 9.00 B
2016-11-02 15:03:49.786+0000 INFO  [o.n.k.i.DiagnosticsManager]   neostore.relationshipgroupstore.db: 2016-11-02T09:03:36-0600 - 8.00 kB
2016-11-02 15:03:49.814+0000 INFO  [o.n.k.i.DiagnosticsManager]   neostore.relationshipgroupstore.db.id: 2016-11-02T09:03:37-0600 - 9.00 B
2016-11-02 15:03:49.843+0000 INFO  [o.n.k.i.DiagnosticsManager]   neostore.relationshipstore.db: 2016-11-02T09:03:36-0600 - 0.00 B
2016-11-02 15:03:49.873+0000 INFO  [o.n.k.i.DiagnosticsManager]   neostore.relationshipstore.db.id: 2016-11-02T09:03:36-0600 - 9.00 B
2016-11-02 15:03:49.894+0000 INFO  [o.n.k.i.DiagnosticsManager]   neostore.relationshiptypestore.db: 2016-11-02T09:03:36-0600 - 0.00 B
2016-11-02 15:03:49.924+0000 INFO  [o.n.k.i.DiagnosticsManager]   neostore.relationshiptypestore.db.id: 2016-11-02T09:03:36-0600 - 9.00 B
2016-11-02 15:03:49.943+0000 INFO  [o.n.k.i.DiagnosticsManager]   neostore.relationshiptypestore.db.names: 2016-11-02T09:03:36-0600 - 8.00 kB
2016-11-02 15:03:49.973+0000 INFO  [o.n.k.i.DiagnosticsManager]   neostore.relationshiptypestore.db.names.id: 2016-11-02T09:03:36-0600 - 9.00 B
2016-11-02 15:03:49.994+0000 INFO  [o.n.k.i.DiagnosticsManager]   neostore.schemastore.db: 2016-11-02T09:03:36-0600 - 8.00 kB
2016-11-02 15:03:50.026+0000 INFO  [o.n.k.i.DiagnosticsManager]   neostore.schemastore.db.id: 2016-11-02T09:03:36-0600 - 9.00 B
2016-11-02 15:03:50.051+0000 INFO  [o.n.k.i.DiagnosticsManager]   neostore.transaction.db.0: 2016-11-02T09:03:39-0600 - 16.00 B
2016-11-02 15:03:50.074+0000 INFO  [o.n.k.i.DiagnosticsManager]   schema:
2016-11-02 15:03:50.119+0000 INFO  [o.n.k.i.DiagnosticsManager]     label:
2016-11-02 15:03:50.169+0000 INFO  [o.n.k.i.DiagnosticsManager]       lucene:
2016-11-02 15:03:50.186+0000 INFO  [o.n.k.i.DiagnosticsManager]         labelStore:
2016-11-02 15:03:50.203+0000 INFO  [o.n.k.i.DiagnosticsManager]           1:
2016-11-02 15:03:50.221+0000 INFO  [o.n.k.i.DiagnosticsManager]             write.lock: 2016-11-02T09:03:39-0600 - 0.00 B
2016-11-02 15:03:50.239+0000 INFO  [o.n.k.i.DiagnosticsManager]           - Total: 2016-11-02T09:03:39-0600 - 0.00 B
2016-11-02 15:03:50.268+0000 INFO  [o.n.k.i.DiagnosticsManager]           failure-message: 2016-11-02T09:03:38-0600 - 16.00 kB
2016-11-02 15:03:50.286+0000 INFO  [o.n.k.i.DiagnosticsManager]         - Total: 2016-11-02T09:03:38-0600 - 16.00 kB
2016-11-02 15:03:50.305+0000 INFO  [o.n.k.i.DiagnosticsManager]       - Total: 2016-11-02T09:03:38-0600 - 16.00 kB
2016-11-02 15:03:50.321+0000 INFO  [o.n.k.i.DiagnosticsManager]     - Total: 2016-11-02T09:03:38-0600 - 16.00 kB
2016-11-02 15:03:50.336+0000 INFO  [o.n.k.i.DiagnosticsManager]   - Total: 2016-11-02T09:03:38-0600 - 16.00 kB
2016-11-02 15:03:50.352+0000 INFO  [o.n.k.i.DiagnosticsManager]   store_lock: 2016-11-02T09:03:34-0600 - 0.00 B
2016-11-02 15:03:50.372+0000 INFO  [o.n.k.i.DiagnosticsManager] --- STARTED diagnostics for KernelDiagnostics:StoreFiles END ---
2016-11-02 15:04:02.837+0000 INFO  [o.n.k.i.DiagnosticsManager] --- SERVER STARTED START ---
2016-11-02 15:04:15.107+0000 INFO  [o.n.k.i.DiagnosticsManager] --- SERVER STARTED END ---
2016-11-02 15:05:12.897+0000 WARN  [o.n.k.i.c.MonitorGc] GC Monitor: Application threads blocked for 1761ms.
2016-11-02 15:05:14.056+0000 WARN  [o.n.k.i.c.MonitorGc] GC Monitor: Application threads blocked for 216ms.
2016-11-02 15:05:25.344+0000 WARN  [o.n.k.i.c.MonitorGc] GC Monitor: Application threads blocked for 366ms.
2016-11-02 15:05:31.529+0000 WARN  [o.n.k.i.c.MonitorGc] GC Monitor: Application threads blocked for 260ms.
2016-11-02 15:05:38.104+0000 WARN  [o.n.k.i.c.MonitorGc] GC Monitor: Application threads blocked for 214ms.
2016-11-02 15:05:38.760+0000 WARN  [o.n.k.i.c.MonitorGc] GC Monitor: Application threads blocked for 309ms.
2016-11-02 15:08:06.047+0000 WARN  [o.n.k.i.c.MonitorGc] GC Monitor: Application threads blocked for 230ms.
2016-11-02 15:10:35.857+0000 WARN  [o.n.k.i.c.MonitorGc] GC Monitor: Application threads blocked for 243ms.
2016-11-02 15:44:25.522+0000 WARN  [o.n.k.i.c.MonitorGc] GC Monitor: Application threads blocked for 455ms.
2016-11-02 15:44:26.071+0000 WARN  [o.n.k.i.c.MonitorGc] GC Monitor: Application threads blocked for 385ms.
2016-11-02 15:44:26.600+0000 WARN  [o.n.k.i.c.MonitorGc] GC Monitor: Application threads blocked for 406ms.
2016-11-02 15:44:26.960+0000 WARN  [o.n.k.i.c.MonitorGc] GC Monitor: Application threads blocked for 211ms.
2016-11-02 15:44:28.028+0000 WARN  [o.n.k.i.c.MonitorGc] GC Monitor: Application threads blocked for 432ms.
2016-11-02 15:44:31.029+0000 INFO  [o.n.k.i.t.l.c.CheckPointerImpl] Check Pointing triggered by scheduler for time threshold [5]:  Starting check pointing...
2016-11-02 15:44:31.062+0000 INFO  [o.n.k.i.t.l.c.CheckPointerImpl] Check Pointing triggered by scheduler for time threshold [5]:  Starting store flush...
2016-11-02 15:44:31.462+0000 WARN  [o.n.k.i.c.MonitorGc] GC Monitor: Application threads blocked for 252ms.
2016-11-02 15:44:31.790+0000 INFO  [o.n.k.i.s.c.CountsTracker] About to rotate counts store at transaction 5 to [C:\Users\AndreaMaybell\Documents\AMPE\deberes\Algoritmos y Estructuras de Datos\BaseHoja10\neostore.counts.db.b], from [C:\Users\AndreaMaybell\Documents\AMPE\deberes\Algoritmos y Estructuras de Datos\BaseHoja10\neostore.counts.db.a].
2016-11-02 15:44:32.093+0000 WARN  [o.n.k.i.c.MonitorGc] GC Monitor: Application threads blocked for 220ms.
2016-11-02 15:44:32.221+0000 INFO  [o.n.k.i.s.c.CountsTracker] Successfully rotated counts store at transaction 5 to [C:\Users\AndreaMaybell\Documents\AMPE\deberes\Algoritmos y Estructuras de Datos\BaseHoja10\neostore.counts.db.b], from [C:\Users\AndreaMaybell\Documents\AMPE\deberes\Algoritmos y Estructuras de Datos\BaseHoja10\neostore.counts.db.a].
2016-11-02 15:44:32.744+0000 WARN  [o.n.k.i.c.MonitorGc] GC Monitor: Application threads blocked for 206ms.
2016-11-02 15:44:33.644+0000 WARN  [o.n.k.i.c.MonitorGc] GC Monitor: Application threads blocked for 201ms.
2016-11-02 15:44:34.144+0000 INFO  [o.n.k.i.t.l.c.CheckPointerImpl] Check Pointing triggered by scheduler for time threshold [5]:  Store flush completed
2016-11-02 15:44:34.210+0000 INFO  [o.n.k.i.t.l.c.CheckPointerImpl] Check Pointing triggered by scheduler for time threshold [5]:  Starting appending check point entry into the tx log...
2016-11-02 15:44:34.566+0000 INFO  [o.n.k.i.t.l.c.CheckPointerImpl] Check Pointing triggered by scheduler for time threshold [5]:  Appending check point entry into the tx log completed
2016-11-02 15:44:34.610+0000 INFO  [o.n.k.i.t.l.c.CheckPointerImpl] Check Pointing triggered by scheduler for time threshold [5]:  Check pointing completed
2016-11-02 15:44:34.645+0000 INFO  [o.n.k.i.t.l.p.LogPruningImpl] Log Rotation [0]:  Starting log pruning.
2016-11-02 15:44:34.688+0000 INFO  [o.n.k.i.t.l.p.LogPruningImpl] Log Rotation [0]:  Log pruning complete.
2016-11-02 15:44:34.689+0000 WARN  [o.n.k.i.c.MonitorGc] GC Monitor: Application threads blocked for 233ms.
